<?xml version="1.0" encoding="UTF-8" ?>
<testsuite tests="2" failures="0" name="service.DodgyDriverUnitTest" time="0" errors="0" skipped="0">
  <properties>
    <property name="java.runtime.name" value="OpenJDK Runtime Environment"/>
    <property name="sun.boot.library.path" value="C:\UCD\Java Programming\null\Coursier\cache\jvm\adopt@1.8.0-292\jre\bin"/>
    <property name="java.vm.version" value="25.292-b10"/>
    <property name="java.vm.vendor" value="AdoptOpenJDK"/>
    <property name="maven.multiModuleProjectDirectory" value="C:\UCD\Distributed Systems\Lab Files\Lab 2 RMI\MyQuocoCode_4"/>
    <property name="java.vendor.url" value="https://adoptopenjdk.net/"/>
    <property name="path.separator" value=";"/>
    <property name="guice.disable.misplaced.annotation.check" value="true"/>
    <property name="java.vm.name" value="OpenJDK 64-Bit Server VM"/>
    <property name="file.encoding.pkg" value="sun.io"/>
    <property name="user.script" value=""/>
    <property name="user.country" value="IN"/>
    <property name="sun.java.launcher" value="SUN_STANDARD"/>
    <property name="sun.os.patch.level" value=""/>
    <property name="java.vm.specification.name" value="Java Virtual Machine Specification"/>
    <property name="user.dir" value="C:\UCD\Distributed Systems\Lab Files\Lab 2 RMI\MyQuocoCode_4"/>
    <property name="java.runtime.version" value="1.8.0_292-b10"/>
    <property name="java.awt.graphicsenv" value="sun.awt.Win32GraphicsEnvironment"/>
    <property name="java.endorsed.dirs" value="C:\UCD\Java Programming\null\Coursier\cache\jvm\adopt@1.8.0-292\jre\lib\endorsed"/>
    <property name="os.arch" value="amd64"/>
    <property name="java.io.tmpdir" value="C:\Users\user\AppData\Local\Temp\"/>
    <property name="line.separator" value="
"/>
    <property name="java.vm.specification.vendor" value="Oracle Corporation"/>
    <property name="user.variant" value=""/>
    <property name="os.name" value="Windows 10"/>
    <property name="classworlds.conf" value="C:\UCD\Distributed Systems\apache-maven-3.8.2-bin\apache-maven-3.8.2\bin\m2.conf"/>
    <property name="sun.jnu.encoding" value="Cp1252"/>
    <property name="java.library.path" value="C:\UCD\Java Programming\null\Coursier\cache\jvm\adopt@1.8.0-292\bin;C:\windows\Sun\Java\bin;C:\windows\system32;C:\windows;C:\Program Files (x86)\Common Files\Oracle\Java\javapath;C:\Program Files\Eclipse Foundation\jdk-16.0.2.7-hotspot\bin;C:\Python39\Scripts\;C:\Python39\;C:\windows\system32;C:\windows;C:\windows\System32\Wbem;C:\windows\System32\WindowsPowerShell\v1.0\;C:\windows\System32\OpenSSH\;C:\Program Files\nodejs\;C:\ProgramData\chocolatey\bin;C:\Program Files\Docker\Docker\resources\bin;C:\ProgramData\DockerDesktop\version-bin;C:\Program Files\Git\cmd;C:\Users\user\AppData\Local\Microsoft\WindowsApps;C:\Users\user\AppData\Local\Programs\Microsoft VS Code\bin;C:\Users\user\AppData\Roaming\npm;C:\Users\user\AppData\Local\GitHubDesktop\bin;C:\UCD\Java Programming\null\Coursier\cache\jvm\adopt@1.8.0-292\bin;C:\UCD\Java Programming\null\Coursier\data\bin;C:\UCD\Distributed Systems\apache-maven-3.8.2-bin\apache-maven-3.8.2\bin;;."/>
    <property name="maven.conf" value="C:\UCD\Distributed Systems\apache-maven-3.8.2-bin\apache-maven-3.8.2/conf"/>
    <property name="java.specification.name" value="Java Platform API Specification"/>
    <property name="java.class.version" value="52.0"/>
    <property name="sun.management.compiler" value="HotSpot 64-Bit Tiered Compilers"/>
    <property name="os.version" value="10.0"/>
    <property name="user.home" value="C:\Users\user"/>
    <property name="user.timezone" value="Europe/London"/>
    <property name="java.awt.printerjob" value="sun.awt.windows.WPrinterJob"/>
    <property name="java.specification.version" value="1.8"/>
    <property name="file.encoding" value="Cp1252"/>
    <property name="user.name" value="user"/>
    <property name="java.class.path" value="C:\UCD\Distributed Systems\apache-maven-3.8.2-bin\apache-maven-3.8.2\boot\plexus-classworlds-2.6.0.jar"/>
    <property name="java.vm.specification.version" value="1.8"/>
    <property name="sun.arch.data.model" value="64"/>
    <property name="java.home" value="C:\UCD\Java Programming\null\Coursier\cache\jvm\adopt@1.8.0-292\jre"/>
    <property name="sun.java.command" value="org.codehaus.plexus.classworlds.launcher.Launcher package"/>
    <property name="java.specification.vendor" value="Oracle Corporation"/>
    <property name="user.language" value="en"/>
    <property name="awt.toolkit" value="sun.awt.windows.WToolkit"/>
    <property name="java.vm.info" value="mixed mode"/>
    <property name="java.version" value="1.8.0_292"/>
    <property name="java.ext.dirs" value="C:\UCD\Java Programming\null\Coursier\cache\jvm\adopt@1.8.0-292\jre\lib\ext;C:\windows\Sun\Java\lib\ext"/>
    <property name="sun.boot.class.path" value="C:\UCD\Java Programming\null\Coursier\cache\jvm\adopt@1.8.0-292\jre\lib\resources.jar;C:\UCD\Java Programming\null\Coursier\cache\jvm\adopt@1.8.0-292\jre\lib\rt.jar;C:\UCD\Java Programming\null\Coursier\cache\jvm\adopt@1.8.0-292\jre\lib\sunrsasign.jar;C:\UCD\Java Programming\null\Coursier\cache\jvm\adopt@1.8.0-292\jre\lib\jsse.jar;C:\UCD\Java Programming\null\Coursier\cache\jvm\adopt@1.8.0-292\jre\lib\jce.jar;C:\UCD\Java Programming\null\Coursier\cache\jvm\adopt@1.8.0-292\jre\lib\charsets.jar;C:\UCD\Java Programming\null\Coursier\cache\jvm\adopt@1.8.0-292\jre\lib\jfr.jar;C:\UCD\Java Programming\null\Coursier\cache\jvm\adopt@1.8.0-292\jre\classes"/>
    <property name="sun.stderr.encoding" value="cp437"/>
    <property name="java.vendor" value="AdoptOpenJDK"/>
    <property name="maven.home" value="C:\UCD\Distributed Systems\apache-maven-3.8.2-bin\apache-maven-3.8.2"/>
    <property name="file.separator" value="\"/>
    <property name="java.vendor.url.bug" value="https://github.com/AdoptOpenJDK/openjdk-support/issues"/>
    <property name="sun.cpu.endian" value="little"/>
    <property name="sun.io.unicode.encoding" value="UnicodeLittle"/>
    <property name="sun.stdout.encoding" value="cp437"/>
    <property name="sun.desktop" value="windows"/>
    <property name="sun.cpu.isalist" value="amd64"/>
  </properties>
  <testcase classname="service.DodgyDriverUnitTest" name="QuotationGenerationTest" time="0"/>
  <testcase classname="service.DodgyDriverUnitTest" name="connectionTest" time="0"/>
</testsuite>